[debug] [2025-03-23T08:51:26.866Z] ----------------------------------------------------------------------
[debug] [2025-03-23T08:51:26.870Z] Command:       C:\Program Files\nodejs\node.exe C:\Users\sivar\AppData\Roaming\npm\node_modules\firebase-tools\lib\bin\firebase.js login
[debug] [2025-03-23T08:51:26.871Z] CLI Version:   13.35.1
[debug] [2025-03-23T08:51:26.871Z] Platform:      win32
[debug] [2025-03-23T08:51:26.871Z] Node Version:  v22.11.0
[debug] [2025-03-23T08:51:26.871Z] Time:          Sun Mar 23 2025 14:21:26 GMT+0530 (India Standard Time)
[debug] [2025-03-23T08:51:26.871Z] ----------------------------------------------------------------------
[debug] 
[debug] [2025-03-23T08:51:26.876Z] >>> [apiv2][query] GET https://firebase-public.firebaseio.com/cli.json [none]
[info] i  Firebase optionally collects CLI and Emulator Suite usage and error reporting information to help improve our products. Data is collected in accordance with Google's privacy policy (https://policies.google.com/privacy) and is not used to identify you.
 
[debug] [2025-03-23T08:51:28.746Z] <<< [apiv2][status] GET https://firebase-public.firebaseio.com/cli.json 200
[debug] [2025-03-23T08:51:28.747Z] <<< [apiv2][body] GET https://firebase-public.firebaseio.com/cli.json {"cloudBuildErrorAfter":1594252800000,"cloudBuildWarnAfter":1590019200000,"defaultNode10After":1594252800000,"minVersion":"3.0.5","node8DeploysDisabledAfter":1613390400000,"node8RuntimeDisabledAfter":1615809600000,"node8WarnAfter":1600128000000}
[info] i  To change your data collection preference at any time, run `firebase logout` and log in again. 
[info] 
[info] Visit this URL on this device to log in:
[info] https://accounts.google.com/o/oauth2/auth?client_id=563584335869-fgrhgmd47bqnekij5i8b5pr03ho849e6.apps.googleusercontent.com&scope=email%20openid%20https%3A%2F%2Fwww.googleapis.com%2Fauth%2Fcloudplatformprojects.readonly%20https%3A%2F%2Fwww.googleapis.com%2Fauth%2Ffirebase%20https%3A%2F%2Fwww.googleapis.com%2Fauth%2Fcloud-platform&response_type=code&state=155991532&redirect_uri=http%3A%2F%2Flocalhost%3A9005
[info] 
[info] Waiting for authentication...
[debug] [2025-03-23T08:51:30.681Z] Error: spawn cmd ENOENT
    at ChildProcess._handle.onexit (node:internal/child_process:285:19)
    at onErrorNT (node:internal/child_process:483:16)
    at process.processTicksAndRejections (node:internal/process/task_queues:90:21)
[error] 
[error] Error: An unexpected error has occurred.
